# commit log ...
1561193061: QmTk3K1qcUMSE6iYBWfXbyWiP1ihsRWSGwCJmtbKs2TA7W
1561194127: QmPyeBhTYuc7sPzU72t5qpVxhkfeWwTMdTdaHkptagDNyg
1561204052: QmXtsFhtLp9znw6sAho5JnVsDJbhos4W7h4BzvL1ic9HT4
1561205881: QmZospKj2VLviAh88JsVG96uj7CYfNd7e3tojG1CHssj9v
1562166272: QmZN7SZy52UKRTdNkWXBEvRpMXXLaF2fZfnJHrpocGiCrb
1562169059: QmWM82Ar2ampMUdbEDJwgrcVewnziGhnHfEF8ZeeP46y4C
1562172106: QmaVeGFp3Ww63QerfFqFNFYKGVL5W5om15EckazLQeE6LL
1562172980: QmR3hQ37opx9dvQghjUdXhFzJApEb17AYiXySwsxDBxRsE
1562176467: QmdtSEJ58gXbXmcY8nJxwLjYb6Sk5QDzhz3DrGCZgWiVJB
1563214292: QmcDGxQCqN9EQf3Houh4A5m1Mrc4AykNhLTastN2RrQvYT
1563214550: QmYgxAa6ajQdxgDcVhTLrGNfY2D2sWAs2nB9JVx2GFraMJ
1563214650: QmTfcxWuZDLA7Wvgwf8T5BTGEXY7452B3xrarzpEa4e7NS
1563269691: QmYB9MX4zUjQPkwJdnUe5XSrg2ked4K6KW1BwTGk1sMz4b
1563271905: QmRvvgnkc4ApojpD9uCohMz6HraFe7gWaqEeUfwBMAMevw
1563381069: QmWozJTspRN23KjYsN5qTh9PHgiWZ6QFoUCnHBMmkuDatd
1563382915: QmYNHUwNisevySSAfmro5NnenwSqV8gmGGx5Hy7pvicHoM
1563720170: QmdFhToNvCD7LX2AbMycKh251PwS1D5jA8v63GFtDL6ZgR
1563722041: QmWoxC7fxchjG66HFYJuSxnpUQLA7gaxZvDPwNAERBdkrV
1563726885: QmdxBv5NCxDb8KmWvu9K9xTmXWRN13XuaJdLEYQQ39xJbw
1563727267: QmSeiBg6DakwrvBjU84fgf8ckwyfnmPPY4211KysnoLbwF
1564043985: QmepVhrCoWruvuTmDKAh9tiuEJK1h63rRSMhpJhoLRxF3x
1564045592: QmXwTk2GM1KBd2DNLmSZnNuK2dWKcFk2m1p7cemGKNzHcU
1564045742: QmZr4QpbDtjLz3c7ZYgcfYCJBtsJfBRUg5FieXUhasMAtn
1564045906: QmPNV6ZwnrXwG5txEosNEU6jDRtcAucS3vXWgv4jK3vdzK
1564046088: QmWBV8tTaFw6C3ZsFnWztzxMgpQCev8d7LRMYVKTXjwAVD
1564046199: QmYqpfzoVqfhiwCX1qwPjy3nSopSnDy24Skbe1C7svXiCo
1564410831:
1564410954: QmS4oRaUFTRQ2AQnqaTGxxTqjoyGP5wrVhCe4d3iFoPCRW
1564720671: QmVoYWDtQfSMCEYkc36pwapdtBuxWyjo31urAtezcojkgh
1564976954: QmUErofXwsYWXUDD3xtTgzTqretxcXNWfM5s87fZet4HqK
1564977832: QmP9YJWB5Kw6cRAt8wv8jDgPgzP7jL3c8JZQPTfs413Jqx
1565035324: QmaT5UJhtTnwXcdrEzjvPjpdG6mjs2HAM9mhfoJiRj7DL1
1565776395: QmT5LyLneL877aZCi2jcuCgQC7DNLozoVc8AjxTZHVX5cw
1565856231: QmQqZXMmv3CZ8ZGzUdvFUGVkKv9LE1fBQznN4So5RkhEqj
1565869627: Qme5edDgGBFfVnjTXBDkWymRCjXEwnu6PTLL2WpKqpazfK
1565874120: Qmehp3vjDFNDCnfk1pLc643B9YXpLgXtwu45nrxBQhHZHb
1565878925: QmXzpW3Xm7n9GHaSAbLLPJZZLiez4gbUq1s6w8AcwFmWqJ
1565879882: QmPp3YA9zhPHvF3Pi42YC1rmNDVZg9oLcJwtaToNPwyczC
1565931187: QmSbrz5ahrNH3UjgxXwR4iHkF2ZGVvVCjHBKBh9Sp7dMvD
1565937818: QmYf6hEJCuMCmFGnJv4e6MMrL6XF8GB2DUdoLnE6FuFsk9
1566641325: QmNqN1prrZDMSwdNXcv4gvtDuU9sLDJ5NDZQ4D35AoYzjX
1566641852: QmXRt7PA5iisntpwZ6Z3CFRBNQCEnqmuyWJvVvPzXxXy8X
1566641924: QmUWWeHFa1sQ63HxEneUiKtA7ZWzBhtSns972qFuBbSeQg
1566651890: QmUtLY3xy9JdL8QTs5dxXGAuSyyMkiVuy2X1DaEhvN4fQo
1567871206: QmXch4vbceFt64HVbFbVwMmyxz1ntWdK29MrMdMhQQjAaA
1567947699: QmVXa1LUjgwWGDLGcWfJmKF4PsA4XTG1JsCUmgXBXRAHkz
1569597665: QmdRuue4TXrujG1w7unzMT4bApX6GT2JbZ652wocyTkjQN
1569601111: QmXvJ8D1B9hjiP53pxev875yYgVhGYJx4sZxNnDKh87498
1570035228: QmXYPMCkADw77SZMBXCYeCp2gh3nPAYfuAYsdcZXkNJ5pJ
1571566046: zdj7WejgXzpj55NBNyw5bEZo97sGMQDVbw6fAx4sjsgbqrzZz
1571576038: zdj7WZX5krvbmm2qFia7GUFyuRnnXXdXqSxMkPm1RSnWADpwd
1571576366: zdj7WgcRxcn9ysh7HhgiuoFjTheBYm6LcEeL8vLfatmTg3Rvc
1571598797: zdj7Wg7dYMfGfqANcov8h53oBNuG9uqbw5aJ247fgM9kmF64N
1571646405: zdj7WnDqNzFe9vDRTcEkR3nj4jivizU6huhbU2L4tmod6yYzW
1571738182:
1571738335: zdj7WZqFzioUHgpfjTmdrnaifP6uNSKKsK21ZXddduJTs4EET
1571738770: zdj7WWjREmVy7akfk9YR4GAXdZ4py2PWfT8o7vjuvdLRtkC7g
1571738862: zdj7WdevNHpxVs8RMgQy8xKmw63N8FfZwhsXKmt3xx4TCLUFb
1571738910: zdj7WeHCBLT1vbha169vzkWzszHdiFp31TAbY5VpC1A5GUVTo
1571750717: zdj7WkT88zDBcKAViZ9aWXQqW9VgomkrdDtJ9viXma8bXjLhe
1571761717: zdj7WVfaPdEEddetptSXc916xG3Lp6jFifAkJVP9HokUgno9q
1571761785: zdj7WaE2gbrHP3WZr2Z3vsAsmVTLWtYVfZXnvzaKWJt8MW486
1571761847: zdj7Wb6dWGbigkvYmquaBh45M7PfZSmy6B4PBTq9uAXdbH4Rc
1571764122: zdj7WaamhqdY67iEViCreVKBj7Vkw3sEfkarCsPnyYzApEqAf
1571766183: zdj7WZyuYHwSX9gXkedp4jwprWsW1VnkANgxneGgWWQxu2pAa
1571766571: zdj7WcHbt1EMdRJzYgnLV6AzUedyvVK3WzyJPGvAgvoEXHHaA
1572442280: zdj7WauGQqcAuRagZ8UrHvyuBnb6EPkGYqzpvC4gSgLPBAFNs
1572533597: zdj7WjGR2166HQZZKu12V2PdHHqEGpgkkpX1nJjhKnvFnZ1jS
